<?xml version="1.0" encoding="UTF-8"?>
<testsuite xmlns:xsi="http://www.w3.org/2001/XMLSchema-instance" xsi:noNamespaceSchemaLocation="https://maven.apache.org/surefire/maven-surefire-plugin/xsd/surefire-test-report-3.0.xsd" version="3.0" name="com.gestion.ecole.gestionecole.GestionEcoleApplicationTests" time="9.42" tests="1" errors="0" skipped="0" failures="0">
  <properties>
[...]
</properties>
  <testcase name="contextLoads" classname="com.gestion.ecole.gestionecole.GestionEcoleApplicationTests" time="0.748">
    <system-out><![CDATA[22:26:59.385 [main] INFO org.springframework.test.context.support.AnnotationConfigContextLoaderUtils -- Could not detect default configuration classes for test class [com.gestion.ecole.gestionecole.GestionEcoleApplicationTests]: GestionEcoleApplicationTests does not declare any static, non-private, non-final, nested classes annotated with @Configuration.
22:26:59.580 [main] INFO org.springframework.boot.test.context.SpringBootTestContextBootstrapper -- Found @SpringBootConfiguration com.gestion.ecole.gestionecole.GestionEcoleApplication for test class com.gestion.ecole.gestionecole.GestionEcoleApplicationTests

  .   ____          _            __ _ _
 /\\ / ___'_ __ _ _(_)_ __  __ _ \ \ \ \
( ( )\___ | '_ | '_| | '_ \/ _` | \ \ \ \
 \\/  ___)| |_)| | | | | || (_| |  ) ) ) )
  '  |____| .__|_| |_|_| |_\__, | / / / /
 =========|_|==============|___/=/_/_/_/
 :: Spring Boot ::                (v3.1.3)

2023-12-02T22:27:00.346+01:00  INFO 4664 --- [           main] c.g.e.g.GestionEcoleApplicationTests     : Starting GestionEcoleApplicationTests using Java 17.0.7 with PID 4664 (started by hamza in C:\Users\hamza\Desktop\develop\GestionEcole\back-end\GestionEcole-Backend)
2023-12-02T22:27:00.349+01:00  INFO 4664 --- [           main] c.g.e.g.GestionEcoleApplicationTests     : No active profile set, falling back to 1 default profile: "default"
2023-12-02T22:27:01.523+01:00  INFO 4664 --- [           main] .s.d.r.c.RepositoryConfigurationDelegate : Bootstrapping Spring Data JPA repositories in DEFAULT mode.
2023-12-02T22:27:01.667+01:00  INFO 4664 --- [           main] .s.d.r.c.RepositoryConfigurationDelegate : Finished Spring Data repository scanning in 131 ms. Found 9 JPA repository interfaces.
2023-12-02T22:27:02.453+01:00  INFO 4664 --- [           main] com.zaxxer.hikari.HikariDataSource       : HikariPool-1 - Starting...
2023-12-02T22:27:02.892+01:00  INFO 4664 --- [           main] com.zaxxer.hikari.pool.HikariPool        : HikariPool-1 - Added connection conn0: url=jdbc:h2:mem:school user=SA
2023-12-02T22:27:02.895+01:00  INFO 4664 --- [           main] com.zaxxer.hikari.HikariDataSource       : HikariPool-1 - Start completed.
2023-12-02T22:27:02.984+01:00  INFO 4664 --- [           main] o.hibernate.jpa.internal.util.LogHelper  : HHH000204: Processing PersistenceUnitInfo [name: default]
2023-12-02T22:27:03.074+01:00  INFO 4664 --- [           main] org.hibernate.Version                    : HHH000412: Hibernate ORM core version 6.2.7.Final
2023-12-02T22:27:03.078+01:00  INFO 4664 --- [           main] org.hibernate.cfg.Environment            : HHH000406: Using bytecode reflection optimizer
2023-12-02T22:27:03.444+01:00  INFO 4664 --- [           main] o.h.b.i.BytecodeProviderInitiator        : HHH000021: Bytecode provider name : bytebuddy
2023-12-02T22:27:03.755+01:00  INFO 4664 --- [           main] o.s.o.j.p.SpringPersistenceUnitInfo      : No LoadTimeWeaver setup: ignoring JPA class transformer
2023-12-02T22:27:04.344+01:00  INFO 4664 --- [           main] o.h.b.i.BytecodeProviderInitiator        : HHH000021: Bytecode provider name : bytebuddy
2023-12-02T22:27:05.468+01:00  INFO 4664 --- [           main] o.h.e.t.j.p.i.JtaPlatformInitiator       : HHH000490: Using JtaPlatform implementation: [org.hibernate.engine.transaction.jta.platform.internal.NoJtaPlatform]
Hibernate: drop table if exists centers cascade 
Hibernate: drop table if exists classes cascade 
Hibernate: drop table if exists cycles cascade 
Hibernate: drop table if exists employes cascade 
Hibernate: drop table if exists establishments cascade 
Hibernate: drop table if exists etudiants cascade 
Hibernate: drop table if exists filieres cascade 
Hibernate: drop table if exists niveaux cascade 
Hibernate: drop table if exists tarifs cascade 
Hibernate: create table centers (created_at timestamp(6), etablissements_id bigint, id bigint generated by default as identity, updated_at timestamp(6), adresse varchar(255), content varchar(255), email varchar(255), nomcentre varchar(255), tel varchar(255), primary key (id))
Hibernate: create table classes (annee_univer date, created_at timestamp(6), id bigint generated by default as identity, niveaux_id bigint, updated_at timestamp(6), nom varchar(255), numero varchar(255), primary key (id))
Hibernate: create table cycles (centre_id bigint, created_at timestamp(6), id bigint generated by default as identity, updated_at timestamp(6), description varchar(255), name varchar(255), primary key (id))
Hibernate: create table employes (salaire integer, status integer, anneeunv_id bigint, centre_id bigint, created_at timestamp(6), datenaissance timestamp(6), id bigint generated by default as identity, updated_at timestamp(6), user_id bigint, adresse varchar(255), cin varchar(255), cv varchar(255), diplome varchar(255), email varchar(255), experience varchar(255), niveau varchar(255), nom varchar(255), photo varchar(255), portable varchar(255), poste varchar(255), prenom varchar(255), sexe varchar(255), tel varchar(255), type varchar(255), typecontrat varchar(255), ville varchar(255), primary key (id))
Hibernate: create table establishments (created_at timestamp(6), id bigint generated by default as identity, updated_at timestamp(6), user_id bigint not null, adresse varchar(255), agence varchar(255), banque varchar(255), cnss varchar(255), descc varchar(255), email varchar(255), ice varchar(255), ifs varchar(255), image varchar(255), logo varchar(255), name varchar(255), patente varchar(255), portable varchar(255), rc varchar(255), rib varchar(255), tel varchar(255), ville varchar(255), web varchar(255), primary key (id))
Hibernate: create table etudiants (contactpri integer, contactsec integer, reduction integer, classe_id bigint, created_at timestamp(6), datenaissance timestamp(6), id bigint generated by default as identity, updated_at timestamp(6), user_id bigint not null, adresse varchar(255), cantine varchar(255), descc varchar(255), email varchar(255), maladie varchar(255), nationalite varchar(255), nom varchar(255), nommere varchar(255), nompere varchar(255), numero varchar(255), oriente varchar(255), photo varchar(255), prenom varchar(255), sexe varchar(255), primary key (id))
Hibernate: create table filieres (anneetude integer, created_at timestamp(6), cycle_id bigint, id bigint generated by default as identity, updated_at timestamp(6), description varchar(255), intitule varchar(255), nom_filiere varchar(255), primary key (id))
Hibernate: create table niveaux (created_at timestamp(6), filiere_id bigint, id bigint generated by default as identity, updated_at timestamp(6), name varchar(255), tarife varchar(255), primary key (id))
Hibernate: create table tarifs (montant numeric(38,2), created_at timestamp(6), id bigint generated by default as identity, updated_at timestamp(6), droit varchar(255), primary key (id))
Hibernate: alter table if exists centers add constraint FKm1fau101cmph9wkfmkon7vipf foreign key (etablissements_id) references establishments
Hibernate: alter table if exists classes add constraint FK6n1b7kq8axghd30mefft2xt3x foreign key (niveaux_id) references niveaux
Hibernate: alter table if exists cycles add constraint FKg6a1tjf3deuchgev5petsm9fr foreign key (centre_id) references centers
Hibernate: alter table if exists etudiants add constraint FK9xijn99ki2y94j6qyw07uoyr2 foreign key (classe_id) references classes
Hibernate: alter table if exists filieres add constraint FKqafp8sjg8x8905k69ncfb5ahq foreign key (cycle_id) references cycles
Hibernate: alter table if exists niveaux add constraint FK48xqvnk316ubr3tal862quqvu foreign key (filiere_id) references filieres
2023-12-02T22:27:05.565+01:00  INFO 4664 --- [           main] j.LocalContainerEntityManagerFactoryBean : Initialized JPA EntityManagerFactory for persistence unit 'default'
2023-12-02T22:27:06.757+01:00  WARN 4664 --- [           main] JpaBaseConfiguration$JpaWebConfiguration : spring.jpa.open-in-view is enabled by default. Therefore, database queries may be performed during view rendering. Explicitly configure spring.jpa.open-in-view to disable this warning
2023-12-02T22:27:07.312+01:00  INFO 4664 --- [           main] o.s.b.a.h2.H2ConsoleAutoConfiguration    : H2 console available at '/h2-console'. Database available at 'jdbc:h2:mem:school'
2023-12-02T22:27:07.376+01:00  INFO 4664 --- [           main] c.g.e.g.GestionEcoleApplicationTests     : Started GestionEcoleApplicationTests in 7.474 seconds (process running for 9.285)
Hibernate: insert into establishments (adresse,agence,banque,cnss,created_at,descc,email,ice,ifs,image,logo,name,patente,portable,rc,rib,tel,updated_at,user_id,ville,web,id) values (?,?,?,?,?,?,?,?,?,?,?,?,?,?,?,?,?,?,?,?,?,default)
Hibernate: insert into establishments (adresse,agence,banque,cnss,created_at,descc,email,ice,ifs,image,logo,name,patente,portable,rc,rib,tel,updated_at,user_id,ville,web,id) values (?,?,?,?,?,?,?,?,?,?,?,?,?,?,?,?,?,?,?,?,?,default)
Hibernate: insert into establishments (adresse,agence,banque,cnss,created_at,descc,email,ice,ifs,image,logo,name,patente,portable,rc,rib,tel,updated_at,user_id,ville,web,id) values (?,?,?,?,?,?,?,?,?,?,?,?,?,?,?,?,?,?,?,?,?,default)
Hibernate: insert into establishments (adresse,agence,banque,cnss,created_at,descc,email,ice,ifs,image,logo,name,patente,portable,rc,rib,tel,updated_at,user_id,ville,web,id) values (?,?,?,?,?,?,?,?,?,?,?,?,?,?,?,?,?,?,?,?,?,default)
Hibernate: insert into centers (adresse,content,created_at,email,etablissements_id,nomcentre,tel,updated_at,id) values (?,?,?,?,?,?,?,?,default)
Hibernate: insert into centers (adresse,content,created_at,email,etablissements_id,nomcentre,tel,updated_at,id) values (?,?,?,?,?,?,?,?,default)
Hibernate: insert into centers (adresse,content,created_at,email,etablissements_id,nomcentre,tel,updated_at,id) values (?,?,?,?,?,?,?,?,default)
Hibernate: insert into centers (adresse,content,created_at,email,etablissements_id,nomcentre,tel,updated_at,id) values (?,?,?,?,?,?,?,?,default)
Hibernate: insert into cycles (centre_id,created_at,description,name,updated_at,id) values (?,?,?,?,?,default)
Hibernate: insert into cycles (centre_id,created_at,description,name,updated_at,id) values (?,?,?,?,?,default)
Hibernate: insert into cycles (centre_id,created_at,description,name,updated_at,id) values (?,?,?,?,?,default)
Hibernate: insert into cycles (centre_id,created_at,description,name,updated_at,id) values (?,?,?,?,?,default)
Hibernate: insert into filieres (anneetude,created_at,cycle_id,description,intitule,nom_filiere,updated_at,id) values (?,?,?,?,?,?,?,default)
Hibernate: insert into filieres (anneetude,created_at,cycle_id,description,intitule,nom_filiere,updated_at,id) values (?,?,?,?,?,?,?,default)
Hibernate: insert into filieres (anneetude,created_at,cycle_id,description,intitule,nom_filiere,updated_at,id) values (?,?,?,?,?,?,?,default)
Hibernate: insert into filieres (anneetude,created_at,cycle_id,description,intitule,nom_filiere,updated_at,id) values (?,?,?,?,?,?,?,default)
Hibernate: insert into niveaux (name,created_at,filiere_id,tarife,updated_at,id) values (?,?,?,?,?,default)
Hibernate: insert into niveaux (name,created_at,filiere_id,tarife,updated_at,id) values (?,?,?,?,?,default)
Hibernate: insert into niveaux (name,created_at,filiere_id,tarife,updated_at,id) values (?,?,?,?,?,default)
Hibernate: insert into niveaux (name,created_at,filiere_id,tarife,updated_at,id) values (?,?,?,?,?,default)
Hibernate: insert into classes (annee_univer,created_at,niveaux_id,nom,numero,updated_at,id) values (?,?,?,?,?,?,default)
Hibernate: insert into classes (annee_univer,created_at,niveaux_id,nom,numero,updated_at,id) values (?,?,?,?,?,?,default)
Hibernate: insert into classes (annee_univer,created_at,niveaux_id,nom,numero,updated_at,id) values (?,?,?,?,?,?,default)
Hibernate: insert into classes (annee_univer,created_at,niveaux_id,nom,numero,updated_at,id) values (?,?,?,?,?,?,default)
Hibernate: insert into etudiants (adresse,cantine,classe_id,contactpri,contactsec,created_at,datenaissance,descc,email,maladie,nationalite,nom,nommere,nompere,numero,oriente,photo,prenom,reduction,sexe,updated_at,user_id,id) values (?,?,?,?,?,?,?,?,?,?,?,?,?,?,?,?,?,?,?,?,?,?,default)
Hibernate: insert into etudiants (adresse,cantine,classe_id,contactpri,contactsec,created_at,datenaissance,descc,email,maladie,nationalite,nom,nommere,nompere,numero,oriente,photo,prenom,reduction,sexe,updated_at,user_id,id) values (?,?,?,?,?,?,?,?,?,?,?,?,?,?,?,?,?,?,?,?,?,?,default)
Hibernate: insert into etudiants (adresse,cantine,classe_id,contactpri,contactsec,created_at,datenaissance,descc,email,maladie,nationalite,nom,nommere,nompere,numero,oriente,photo,prenom,reduction,sexe,updated_at,user_id,id) values (?,?,?,?,?,?,?,?,?,?,?,?,?,?,?,?,?,?,?,?,?,?,default)
Hibernate: insert into etudiants (adresse,cantine,classe_id,contactpri,contactsec,created_at,datenaissance,descc,email,maladie,nationalite,nom,nommere,nompere,numero,oriente,photo,prenom,reduction,sexe,updated_at,user_id,id) values (?,?,?,?,?,?,?,?,?,?,?,?,?,?,?,?,?,?,?,?,?,?,default)
]]></system-out>
  </testcase>
</testsuite>